<?xml version="1.0" encoding="UTF-8"?>
<!-- Generated by org.testng.reporters.JUnitXMLReporter -->
<testsuite ignored="35" hostname="LTIN292975" failures="0" tests="13" name="Test" time="40.98" errors="0" timestamp="2024-02-05T21:01:02 IST">
  <testcase classname="TestCases.CarLoanEMI" name="clickOnCarLoanLink" time="0.258"/>
  <testcase classname="TestCases.HomeLoanEMI" name="calculatorsDropDownValidation" time="0.345"/>
  <testcase classname="TestCases.HomeLoanEMI" name="homeLoanEmiCalculatorValidation" time="5.417"/>
  <testcase classname="TestCases.HomeLoanEMI" name="validateHomeValueInputfield" time="3.934"/>
  <testcase classname="TestCases.HomeLoanEMI" name="validateDownPaymentInputFieldInPercentage" time="3.741"/>
  <testcase classname="TestCases.HomeLoanEMI" name="validateDownPaymentRupeesButton" time="0.501"/>
  <testcase classname="TestCases.HomeLoanEMI" name="validateLoanInsuranceInputField" time="3.573"/>
  <testcase classname="TestCases.HomeLoanEMI" name="validateInterestRateInputField" time="0.196"/>
  <testcase classname="TestCases.HomeLoanEMI" name="validateLoanTenureInputField" time="0.325"/>
  <testcase classname="TestCases.HomeLoanEMI" name="validateLoanTenureMonthsButton" time="0.234"/>
  <testcase classname="TestCases.HomeLoanEMI" name="validateLoanChargesInputField" time="4.259"/>
  <testcase classname="TestCases.HomeLoanEMI" name="validateLoanChargesRupeesButtonElement" time="0.327"/>
  <testcase classname="TestCases.HomeLoanEMI" name="validateLoanStartMonthAndYearField" time="0.252"/>
  <testcase classname="TestCases.LoanAmountCalculatorUICheck" name="validateLoanAmountLoanChargesInputFieldByPassingValue" time="0.0">
    <ignored/>
  </testcase> <!-- validateLoanAmountLoanChargesInputFieldByPassingValue -->
  <testcase classname="TestCases.CarLoanEMI" name="setInterestRate" time="0.0">
    <ignored/>
  </testcase> <!-- setInterestRate -->
  <testcase classname="TestCases.CarLoanEMI" name="setLoanTenure" time="0.0">
    <ignored/>
  </testcase> <!-- setLoanTenure -->
  <testcase classname="TestCases.CalculateEmiUICheck" name="validateEmiCalculatorLink" time="0.0">
    <ignored/>
  </testcase> <!-- validateEmiCalculatorLink -->
  <testcase classname="TestCases.LoanTenureCalculatorUICheck" name="verifyLoanTenureInterestRateInputFieldPresence" time="0.0">
    <ignored/>
  </testcase> <!-- verifyLoanTenureInterestRateInputFieldPresence -->
  <testcase classname="TestCases.LoanAmountCalculatorUICheck" name="validateLoanAmountTenureInputFieldByPassingValue" time="0.0">
    <ignored/>
  </testcase> <!-- validateLoanAmountTenureInputFieldByPassingValue -->
  <testcase classname="TestCases.CalculateEmiUICheck" name="validateEmiCalculatorLoanChargesInputFieldByPassingValue" time="0.0">
    <ignored/>
  </testcase> <!-- validateEmiCalculatorLoanChargesInputFieldByPassingValue -->
  <testcase classname="TestCases.LoanTenureCalculatorUICheck" name="validateLoanTenureLoanAmountInputFieldByPassingValue" time="0.0">
    <ignored/>
  </testcase> <!-- validateLoanTenureLoanAmountInputFieldByPassingValue -->
  <testcase classname="TestCases.LoanTenureCalculatorUICheck" name="validateLoanTenureInterestRateInputFieldByPassingValue" time="0.0">
    <ignored/>
  </testcase> <!-- validateLoanTenureInterestRateInputFieldByPassingValue -->
  <testcase classname="TestCases.LoanAmountCalculatorUICheck" name="verifyLoanAmountTenureInputFieldPresence" time="0.0">
    <ignored/>
  </testcase> <!-- verifyLoanAmountTenureInputFieldPresence -->
  <testcase classname="TestCases.CarLoanEMI" name="readData" time="0.0">
    <ignored/>
  </testcase> <!-- readData -->
  <testcase classname="TestCases.LoanAmountCalculatorUICheck" name="validateLoanAmountLoanTenureMonthButton" time="0.0">
    <ignored/>
  </testcase> <!-- validateLoanAmountLoanTenureMonthButton -->
  <testcase classname="TestCases.EMICalculator" name="emiCalculatorPageValidation" time="0.0">
    <ignored/>
  </testcase> <!-- emiCalculatorPageValidation -->
  <testcase classname="TestCases.LoanAmountCalculatorUICheck" name="verifyLoanAmountLoanChargesInputFieldPresence" time="0.0">
    <ignored/>
  </testcase> <!-- verifyLoanAmountLoanChargesInputFieldPresence -->
  <testcase classname="TestCases.CarLoanEMI" name="setCarAmount" time="0.0">
    <ignored/>
  </testcase> <!-- setCarAmount -->
  <testcase classname="TestCases.CalculateEmiUICheck" name="validateEmiCalculatorLoanAmountInputFieldByPassingValue" time="0.0">
    <ignored/>
  </testcase> <!-- validateEmiCalculatorLoanAmountInputFieldByPassingValue -->
  <testcase classname="TestCases.CalculateEmiUICheck" name="validateEmiCalculatorLoanTenureMonthButton" time="0.0">
    <ignored/>
  </testcase> <!-- validateEmiCalculatorLoanTenureMonthButton -->
  <testcase classname="TestCases.LoanAmountCalculatorUICheck" name="validateLoanAmountCalculatorLink" time="0.0">
    <ignored/>
  </testcase> <!-- validateLoanAmountCalculatorLink -->
  <testcase classname="TestCases.LoanAmountCalculatorUICheck" name="verifyLoanAmountInterestRateInputFieldPresence" time="0.0">
    <ignored/>
  </testcase> <!-- verifyLoanAmountInterestRateInputFieldPresence -->
  <testcase classname="TestCases.CalculateEmiUICheck" name="verifyEmiCalculatorLoanChargesInputFieldPresence" time="0.0">
    <ignored/>
  </testcase> <!-- verifyEmiCalculatorLoanChargesInputFieldPresence -->
  <testcase classname="TestCases.LoanTenureCalculatorUICheck" name="verifyLoanTenuteLoanChargesInputFieldPresence" time="0.0">
    <ignored/>
  </testcase> <!-- verifyLoanTenuteLoanChargesInputFieldPresence -->
  <testcase classname="TestCases.LoanAmountCalculatorUICheck" name="verifyEmiInputFieldPresence" time="0.0">
    <ignored/>
  </testcase> <!-- verifyEmiInputFieldPresence -->
  <testcase classname="TestCases.LoanTenureCalculatorUICheck" name="validateLoanTenureCalculatorLink" time="0.0">
    <ignored/>
  </testcase> <!-- validateLoanTenureCalculatorLink -->
  <testcase classname="TestCases.LoanAmountCalculatorUICheck" name="verifyEmiInputFieldByPassingValue" time="0.0">
    <ignored/>
  </testcase> <!-- verifyEmiInputFieldByPassingValue -->
  <testcase classname="TestCases.LoanTenureCalculatorUICheck" name="validateLoanTenureLoanChargesInputFieldByValue" time="0.0">
    <ignored/>
  </testcase> <!-- validateLoanTenureLoanChargesInputFieldByValue -->
  <testcase classname="TestCases.EMICalculator" name="calculatorsDropDownValidationFromHomeLoan" time="0.0">
    <ignored/>
  </testcase> <!-- calculatorsDropDownValidationFromHomeLoan -->
  <testcase classname="TestCases.CalculateEmiUICheck" name="verifyEmiCalculatorLoanAmountInputFieldPresence" time="0.0">
    <ignored/>
  </testcase> <!-- verifyEmiCalculatorLoanAmountInputFieldPresence -->
  <testcase classname="TestCases.CalculateEmiUICheck" name="verifyEmiCalculatorInterestRateInputFieldPresence" time="0.0">
    <ignored/>
  </testcase> <!-- verifyEmiCalculatorInterestRateInputFieldPresence -->
  <testcase classname="TestCases.CalculateEmiUICheck" name="verifyEmiCalculatorLoanTenureInputFieldPresence" time="0.0">
    <ignored/>
  </testcase> <!-- verifyEmiCalculatorLoanTenureInputFieldPresence -->
  <testcase classname="TestCases.LoanAmountCalculatorUICheck" name="validateLoanAmountInterestRateInputFieldByPassingValue" time="0.0">
    <ignored/>
  </testcase> <!-- validateLoanAmountInterestRateInputFieldByPassingValue -->
  <testcase classname="TestCases.CalculateEmiUICheck" name="validateEmiCalculatorInterestRateInputFieldByPassingValue" time="0.0">
    <ignored/>
  </testcase> <!-- validateEmiCalculatorInterestRateInputFieldByPassingValue -->
  <testcase classname="TestCases.LoanTenureCalculatorUICheck" name="verifyLoanTenureLoanAmountInputFieldPresence" time="0.0">
    <ignored/>
  </testcase> <!-- verifyLoanTenureLoanAmountInputFieldPresence -->
  <testcase classname="TestCases.CalculateEmiUICheck" name="validateEmiCalculatorLoanTenureInputFieldByPassingValue" time="0.0">
    <ignored/>
  </testcase> <!-- validateEmiCalculatorLoanTenureInputFieldByPassingValue -->
  <testcase classname="TestCases.CarLoanEMI" name="clickOnyear" time="0.0">
    <ignored/>
  </testcase> <!-- clickOnyear -->
  <testcase classname="TestCases.LoanTenureCalculatorUICheck" name="verifyLoanTenureEmiInputFieldPresence" time="0.0">
    <ignored/>
  </testcase> <!-- verifyLoanTenureEmiInputFieldPresence -->
</testsuite> <!-- Test -->
