<?xml version="1.0" encoding="UTF-8"?>
<!-- Generated by org.testng.reporters.JUnitXMLReporter -->
<testsuite ignored="49" hostname="LTIN292975" failures="0" tests="8" name="Test" time="24.658" errors="0" timestamp="2024-02-06T10:59:35 IST">
  <testcase classname="TestCases.CarLoanEMI" name="clickOnCarLoanLink" time="0.365"/>
  <testcase classname="TestCases.HomeLoanEMI" name="calculatorsDropDownValidation" time="0.127"/>
  <testcase classname="TestCases.HomeLoanEMI" name="homeLoanEmiCalculatorValidation" time="0.72"/>
  <testcase classname="TestCases.EMICalculator" name="calculatorsDropDownValidationFromHomeLoan" time="0.1"/>
  <testcase classname="TestCases.EMICalculator" name="emiCalculatorPageValidation" time="0.604"/>
  <testcase classname="TestCases.CalculateEmiUICheck" name="validateEmiCalculatorLink" time="0.048"/>
  <testcase classname="TestCases.LoanAmountCalculatorUICheck" name="validateLoanAmountCalculatorLink" time="0.178"/>
  <testcase classname="TestCases.LoanTenureCalculatorUICheck" name="validateLoanTenureCalculatorLink" time="0.16"/>
  <testcase classname="TestCases.CalculateEmiUICheck" name="validateEmiCalculatorLoanTenureInputFieldByPassingValue" time="0.0">
    <ignored/>
  </testcase> <!-- validateEmiCalculatorLoanTenureInputFieldByPassingValue -->
  <testcase classname="TestCases.HomeLoanEMI" name="validateDownPaymentRupeesButton" time="0.0">
    <ignored/>
  </testcase> <!-- validateDownPaymentRupeesButton -->
  <testcase classname="TestCases.HomeLoanEMI" name="printAllTheData" time="0.0">
    <ignored/>
  </testcase> <!-- printAllTheData -->
  <testcase classname="TestCases.HomeLoanEMI" name="validateHomeInsurancePerYearRupeesButton" time="0.0">
    <ignored/>
  </testcase> <!-- validateHomeInsurancePerYearRupeesButton -->
  <testcase classname="TestCases.LoanTenureCalculatorUICheck" name="validateLoanTenureLoanChargesInputFieldByValue" time="0.0">
    <ignored/>
  </testcase> <!-- validateLoanTenureLoanChargesInputFieldByValue -->
  <testcase classname="TestCases.HomeLoanEMI" name="validateLoanStartMonthAndYearInputField" time="0.0">
    <ignored/>
  </testcase> <!-- validateLoanStartMonthAndYearInputField -->
  <testcase classname="TestCases.HomeLoanEMI" name="validateLoanChargesRupeesButtonElement" time="0.0">
    <ignored/>
  </testcase> <!-- validateLoanChargesRupeesButtonElement -->
  <testcase classname="TestCases.LoanTenureCalculatorUICheck" name="verifyLoanTenuteLoanChargesInputFieldPresence" time="0.0">
    <ignored/>
  </testcase> <!-- verifyLoanTenuteLoanChargesInputFieldPresence -->
  <testcase classname="TestCases.LoanAmountCalculatorUICheck" name="verifyLoanAmountInterestRateInputFieldPresence" time="0.0">
    <ignored/>
  </testcase> <!-- verifyLoanAmountInterestRateInputFieldPresence -->
  <testcase classname="TestCases.CalculateEmiUICheck" name="verifyEmiCalculatorLoanTenureInputFieldPresence" time="0.0">
    <ignored/>
  </testcase> <!-- verifyEmiCalculatorLoanTenureInputFieldPresence -->
  <testcase classname="TestCases.HomeLoanEMI" name="validateOneTimeExpensesRupeesButton" time="0.0">
    <ignored/>
  </testcase> <!-- validateOneTimeExpensesRupeesButton -->
  <testcase classname="TestCases.HomeLoanEMI" name="validateLoanStartMonthAndYearField" time="0.0">
    <ignored/>
  </testcase> <!-- validateLoanStartMonthAndYearField -->
  <testcase classname="TestCases.CalculateEmiUICheck" name="validateEmiCalculatorLoanAmountInputFieldByPassingValue" time="0.0">
    <ignored/>
  </testcase> <!-- validateEmiCalculatorLoanAmountInputFieldByPassingValue -->
  <testcase classname="TestCases.HomeLoanEMI" name="validateMaintenanceExpensesPerMonthInputField" time="0.0">
    <ignored/>
  </testcase> <!-- validateMaintenanceExpensesPerMonthInputField -->
  <testcase classname="TestCases.LoanAmountCalculatorUICheck" name="verifyLoanAmountTenureInputFieldPresence" time="0.0">
    <ignored/>
  </testcase> <!-- verifyLoanAmountTenureInputFieldPresence -->
  <testcase classname="TestCases.CalculateEmiUICheck" name="verifyEmiCalculatorInterestRateInputFieldPresence" time="0.0">
    <ignored/>
  </testcase> <!-- verifyEmiCalculatorInterestRateInputFieldPresence -->
  <testcase classname="TestCases.CarLoanEMI" name="readData" time="0.0">
    <ignored/>
  </testcase> <!-- readData -->
  <testcase classname="TestCases.HomeLoanEMI" name="validateLoanChargesInputField" time="0.0">
    <ignored/>
  </testcase> <!-- validateLoanChargesInputField -->
  <testcase classname="TestCases.HomeLoanEMI" name="validateHomeValueInputfield" time="0.0">
    <ignored/>
  </testcase> <!-- validateHomeValueInputfield -->
  <testcase classname="TestCases.HomeLoanEMI" name="validateLoanTenureMonthsButton" time="0.0">
    <ignored/>
  </testcase> <!-- validateLoanTenureMonthsButton -->
  <testcase classname="TestCases.CalculateEmiUICheck" name="validateEmiCalculatorLoanChargesInputFieldByPassingValue" time="0.0">
    <ignored/>
  </testcase> <!-- validateEmiCalculatorLoanChargesInputFieldByPassingValue -->
  <testcase classname="TestCases.LoanAmountCalculatorUICheck" name="validateLoanAmountInterestRateInputFieldByPassingValue" time="0.0">
    <ignored/>
  </testcase> <!-- validateLoanAmountInterestRateInputFieldByPassingValue -->
  <testcase classname="TestCases.HomeLoanEMI" name="validatePropertyTaxesPerYearRupeesButton" time="0.0">
    <ignored/>
  </testcase> <!-- validatePropertyTaxesPerYearRupeesButton -->
  <testcase classname="TestCases.LoanAmountCalculatorUICheck" name="validateLoanAmountTenureInputFieldByPassingValue" time="0.0">
    <ignored/>
  </testcase> <!-- validateLoanAmountTenureInputFieldByPassingValue -->
  <testcase classname="TestCases.LoanTenureCalculatorUICheck" name="verifyLoanTenureEmiInputFieldPresence" time="0.0">
    <ignored/>
  </testcase> <!-- verifyLoanTenureEmiInputFieldPresence -->
  <testcase classname="TestCases.CalculateEmiUICheck" name="validateEmiCalculatorLoanTenureMonthButton" time="0.0">
    <ignored/>
  </testcase> <!-- validateEmiCalculatorLoanTenureMonthButton -->
  <testcase classname="TestCases.HomeLoanEMI" name="validateInterestRateInputField" time="0.0">
    <ignored/>
  </testcase> <!-- validateInterestRateInputField -->
  <testcase classname="TestCases.LoanAmountCalculatorUICheck" name="verifyEmiInputFieldByPassingValue" time="0.0">
    <ignored/>
  </testcase> <!-- verifyEmiInputFieldByPassingValue -->
  <testcase classname="TestCases.LoanTenureCalculatorUICheck" name="validateLoanTenureLoanAmountInputFieldByPassingValue" time="0.0">
    <ignored/>
  </testcase> <!-- validateLoanTenureLoanAmountInputFieldByPassingValue -->
  <testcase classname="TestCases.CarLoanEMI" name="setCarAmount" time="0.0">
    <ignored/>
  </testcase> <!-- setCarAmount -->
  <testcase classname="TestCases.HomeLoanEMI" name="validateDownPaymentInputFieldInPercentage" time="0.0">
    <ignored/>
  </testcase> <!-- validateDownPaymentInputFieldInPercentage -->
  <testcase classname="TestCases.CalculateEmiUICheck" name="verifyEmiCalculatorLoanChargesInputFieldPresence" time="0.0">
    <ignored/>
  </testcase> <!-- verifyEmiCalculatorLoanChargesInputFieldPresence -->
  <testcase classname="TestCases.HomeLoanEMI" name="validateLoanInsuranceInputField" time="0.0">
    <ignored/>
  </testcase> <!-- validateLoanInsuranceInputField -->
  <testcase classname="TestCases.HomeLoanEMI" name="validateOneTimeExpensesInputField" time="0.0">
    <ignored/>
  </testcase> <!-- validateOneTimeExpensesInputField -->
  <testcase classname="TestCases.LoanAmountCalculatorUICheck" name="validateLoanAmountLoanChargesInputFieldByPassingValue" time="0.0">
    <ignored/>
  </testcase> <!-- validateLoanAmountLoanChargesInputFieldByPassingValue -->
  <testcase classname="TestCases.CarLoanEMI" name="setInterestRate" time="0.0">
    <ignored/>
  </testcase> <!-- setInterestRate -->
  <testcase classname="TestCases.CarLoanEMI" name="clickOnyear" time="0.0">
    <ignored/>
  </testcase> <!-- clickOnyear -->
  <testcase classname="TestCases.LoanTenureCalculatorUICheck" name="verifyLoanTenureLoanAmountInputFieldPresence" time="0.0">
    <ignored/>
  </testcase> <!-- verifyLoanTenureLoanAmountInputFieldPresence -->
  <testcase classname="TestCases.HomeLoanEMI" name="validateLoanTenureInputField" time="0.0">
    <ignored/>
  </testcase> <!-- validateLoanTenureInputField -->
  <testcase classname="TestCases.CalculateEmiUICheck" name="verifyEmiCalculatorLoanAmountInputFieldPresence" time="0.0">
    <ignored/>
  </testcase> <!-- verifyEmiCalculatorLoanAmountInputFieldPresence -->
  <testcase classname="TestCases.CarLoanEMI" name="setLoanTenure" time="0.0">
    <ignored/>
  </testcase> <!-- setLoanTenure -->
  <testcase classname="TestCases.LoanAmountCalculatorUICheck" name="verifyEmiInputFieldPresence" time="0.0">
    <ignored/>
  </testcase> <!-- verifyEmiInputFieldPresence -->
  <testcase classname="TestCases.LoanTenureCalculatorUICheck" name="validateLoanTenureInterestRateInputFieldByPassingValue" time="0.0">
    <ignored/>
  </testcase> <!-- validateLoanTenureInterestRateInputFieldByPassingValue -->
  <testcase classname="TestCases.CalculateEmiUICheck" name="validateEmiCalculatorInterestRateInputFieldByPassingValue" time="0.0">
    <ignored/>
  </testcase> <!-- validateEmiCalculatorInterestRateInputFieldByPassingValue -->
  <testcase classname="TestCases.HomeLoanEMI" name="validateHomeInsurancePerYearInputField" time="0.0">
    <ignored/>
  </testcase> <!-- validateHomeInsurancePerYearInputField -->
  <testcase classname="TestCases.LoanAmountCalculatorUICheck" name="verifyLoanAmountLoanChargesInputFieldPresence" time="0.0">
    <ignored/>
  </testcase> <!-- verifyLoanAmountLoanChargesInputFieldPresence -->
  <testcase classname="TestCases.LoanAmountCalculatorUICheck" name="validateLoanAmountLoanTenureMonthButton" time="0.0">
    <ignored/>
  </testcase> <!-- validateLoanAmountLoanTenureMonthButton -->
  <testcase classname="TestCases.HomeLoanEMI" name="validatePropertyTaxesPerYearInputField" time="0.0">
    <ignored/>
  </testcase> <!-- validatePropertyTaxesPerYearInputField -->
  <testcase classname="TestCases.LoanTenureCalculatorUICheck" name="verifyLoanTenureInterestRateInputFieldPresence" time="0.0">
    <ignored/>
  </testcase> <!-- verifyLoanTenureInterestRateInputFieldPresence -->
</testsuite> <!-- Test -->
