<?xml version="1.0" encoding="UTF-8"?>
<!-- Generated by org.testng.reporters.JUnitXMLReporter -->
<testsuite ignored="0" hostname="LTIN292975" failures="0" tests="57" name="EdgeTest" time="87.836" errors="0" timestamp="2024-02-12T12:20:37 IST">
  <testcase classname="TestCases.CarLoanEMI" name="clickOnCarLoanLink" time="0.337"/>
  <testcase classname="TestCases.CarLoanEMI" name="setCarAmount" time="0.769"/>
  <testcase classname="TestCases.CarLoanEMI" name="setInterestRate" time="0.705"/>
  <testcase classname="TestCases.CarLoanEMI" name="setLoanTenure" time="0.694"/>
  <testcase classname="TestCases.CarLoanEMI" name="clickOnyear" time="0.176"/>
  <testcase classname="TestCases.CarLoanEMI" name="readData" time="0.14"/>
  <testcase classname="TestCases.HomeLoanEMI" name="calculatorsDropDownValidation" time="0.166"/>
  <testcase classname="TestCases.HomeLoanEMI" name="homeLoanEmiCalculatorValidation" time="4.59"/>
  <testcase classname="TestCases.HomeLoanEMI" name="validateHomeValueInputfield" time="3.539"/>
  <testcase classname="TestCases.HomeLoanEMI" name="validateDownPaymentInputFieldInPercentage" time="3.398"/>
  <testcase classname="TestCases.HomeLoanEMI" name="validateDownPaymentRupeesButton" time="0.175"/>
  <testcase classname="TestCases.HomeLoanEMI" name="validateLoanInsuranceInputField" time="3.35"/>
  <testcase classname="TestCases.HomeLoanEMI" name="validateInterestRateInputField" time="0.188"/>
  <testcase classname="TestCases.HomeLoanEMI" name="validateLoanTenureInputField" time="0.264"/>
  <testcase classname="TestCases.HomeLoanEMI" name="validateLoanTenureMonthsButton" time="0.267"/>
  <testcase classname="TestCases.HomeLoanEMI" name="validateLoanChargesInputField" time="4.243"/>
  <testcase classname="TestCases.HomeLoanEMI" name="validateLoanChargesRupeesButtonElement" time="0.175"/>
  <testcase classname="TestCases.HomeLoanEMI" name="validateLoanStartMonthAndYearField" time="0.132"/>
  <testcase classname="TestCases.HomeLoanEMI" name="validateLoanStartMonthAndYearInputField" time="0.636"/>
  <testcase classname="TestCases.HomeLoanEMI" name="validateOneTimeExpensesInputField" time="0.185"/>
  <testcase classname="TestCases.HomeLoanEMI" name="validateOneTimeExpensesRupeesButton" time="3.245"/>
  <testcase classname="TestCases.HomeLoanEMI" name="validatePropertyTaxesPerYearInputField" time="0.172"/>
  <testcase classname="TestCases.HomeLoanEMI" name="validatePropertyTaxesPerYearRupeesButton" time="3.175"/>
  <testcase classname="TestCases.HomeLoanEMI" name="validateHomeInsurancePerYearInputField" time="0.15"/>
  <testcase classname="TestCases.HomeLoanEMI" name="validateHomeInsurancePerYearRupeesButton" time="3.283"/>
  <testcase classname="TestCases.HomeLoanEMI" name="validateMaintenanceExpensesPerMonthInputField" time="0.155"/>
  <testcase classname="TestCases.HomeLoanEMI" name="printAllTheData" time="9.104"/>
  <testcase classname="TestCases.EMICalculator" name="calculatorsDropDownValidationFromHomeLoan" time="0.191"/>
  <testcase classname="TestCases.EMICalculator" name="emiCalculatorPageValidation" time="4.544"/>
  <testcase classname="TestCases.CalculateEmiUICheck" name="validateEmiCalculatorLink" time="0.034"/>
  <testcase classname="TestCases.CalculateEmiUICheck" name="verifyEmiCalculatorLoanAmountInputFieldPresence" time="0.032"/>
  <testcase classname="TestCases.CalculateEmiUICheck" name="validateEmiCalculatorLoanAmountInputFieldByPassingValue" time="0.344"/>
  <testcase classname="TestCases.CalculateEmiUICheck" name="verifyEmiCalculatorInterestRateInputFieldPresence" time="0.037"/>
  <testcase classname="TestCases.CalculateEmiUICheck" name="validateEmiCalculatorInterestRateInputFieldByPassingValue" time="0.366"/>
  <testcase classname="TestCases.CalculateEmiUICheck" name="verifyEmiCalculatorLoanTenureInputFieldPresence" time="0.035"/>
  <testcase classname="TestCases.CalculateEmiUICheck" name="validateEmiCalculatorLoanTenureInputFieldByPassingValue" time="0.44"/>
  <testcase classname="TestCases.CalculateEmiUICheck" name="validateEmiCalculatorLoanTenureMonthButton" time="3.326"/>
  <testcase classname="TestCases.CalculateEmiUICheck" name="verifyEmiCalculatorLoanChargesInputFieldPresence" time="0.03"/>
  <testcase classname="TestCases.CalculateEmiUICheck" name="validateEmiCalculatorLoanChargesInputFieldByPassingValue" time="0.361"/>
  <testcase classname="TestCases.LoanAmountCalculatorUICheck" name="validateLoanAmountCalculatorLink" time="0.236"/>
  <testcase classname="TestCases.LoanAmountCalculatorUICheck" name="verifyEmiInputFieldPresence" time="0.044"/>
  <testcase classname="TestCases.LoanAmountCalculatorUICheck" name="verifyEmiInputFieldByPassingValue" time="0.383"/>
  <testcase classname="TestCases.LoanAmountCalculatorUICheck" name="verifyLoanAmountInterestRateInputFieldPresence" time="0.034"/>
  <testcase classname="TestCases.LoanAmountCalculatorUICheck" name="validateLoanAmountInterestRateInputFieldByPassingValue" time="0.403"/>
  <testcase classname="TestCases.LoanAmountCalculatorUICheck" name="verifyLoanAmountTenureInputFieldPresence" time="0.033"/>
  <testcase classname="TestCases.LoanAmountCalculatorUICheck" name="validateLoanAmountTenureInputFieldByPassingValue" time="0.396"/>
  <testcase classname="TestCases.LoanAmountCalculatorUICheck" name="validateLoanAmountLoanTenureMonthButton" time="3.274"/>
  <testcase classname="TestCases.LoanAmountCalculatorUICheck" name="verifyLoanAmountLoanChargesInputFieldPresence" time="0.035"/>
  <testcase classname="TestCases.LoanAmountCalculatorUICheck" name="validateLoanAmountLoanChargesInputFieldByPassingValue" time="0.326"/>
  <testcase classname="TestCases.LoanTenureCalculatorUICheck" name="validateLoanTenureCalculatorLink" time="0.203"/>
  <testcase classname="TestCases.LoanTenureCalculatorUICheck" name="verifyLoanTenureLoanAmountInputFieldPresence" time="0.033"/>
  <testcase classname="TestCases.LoanTenureCalculatorUICheck" name="validateLoanTenureLoanAmountInputFieldByPassingValue" time="0.456"/>
  <testcase classname="TestCases.LoanTenureCalculatorUICheck" name="verifyLoanTenureEmiInputFieldPresence" time="0.037"/>
  <testcase classname="TestCases.LoanTenureCalculatorUICheck" name="verifyLoanTenureInterestRateInputFieldPresence" time="0.036"/>
  <testcase classname="TestCases.LoanTenureCalculatorUICheck" name="validateLoanTenureInterestRateInputFieldByPassingValue" time="0.372"/>
  <testcase classname="TestCases.LoanTenureCalculatorUICheck" name="verifyLoanTenuteLoanChargesInputFieldPresence" time="0.031"/>
  <testcase classname="TestCases.LoanTenureCalculatorUICheck" name="validateLoanTenureLoanChargesInputFieldByValue" time="0.375"/>
</testsuite> <!-- EdgeTest -->
