<?xml version="1.0" encoding="UTF-8"?>
<!-- Generated by org.testng.reporters.JUnitXMLReporter -->
<testsuite ignored="43" hostname="LTIN292975" failures="1" tests="14" name="Test" time="26.278" errors="0" timestamp="2024-02-06T09:16:53 IST">
  <testcase classname="TestCases.CarLoanEMI" name="clickOnCarLoanLink" time="0.306"/>
  <testcase classname="TestCases.EMICalculator" name="calculatorsDropDownValidationFromHomeLoan" time="0.117"/>
  <testcase classname="TestCases.EMICalculator" name="emiCalculatorPageValidation" time="4.487"/>
  <testcase classname="TestCases.CalculateEmiUICheck" name="verifyEmiCalculatorLoanAmountInputFieldPresence" time="0.038"/>
  <testcase classname="TestCases.LoanAmountCalculatorUICheck" name="validateLoanAmountCalculatorLink" time="0.171"/>
  <testcase classname="TestCases.LoanAmountCalculatorUICheck" name="verifyEmiInputFieldPresence" time="0.052"/>
  <testcase classname="TestCases.LoanAmountCalculatorUICheck" name="verifyEmiInputFieldByPassingValue" time="0.456"/>
  <testcase classname="TestCases.LoanAmountCalculatorUICheck" name="verifyLoanAmountInterestRateInputFieldPresence" time="0.035"/>
  <testcase classname="TestCases.LoanAmountCalculatorUICheck" name="validateLoanAmountInterestRateInputFieldByPassingValue" time="0.43"/>
  <testcase classname="TestCases.LoanAmountCalculatorUICheck" name="verifyLoanAmountTenureInputFieldPresence" time="0.034"/>
  <testcase classname="TestCases.LoanAmountCalculatorUICheck" name="validateLoanAmountTenureInputFieldByPassingValue" time="0.608"/>
  <testcase classname="TestCases.LoanAmountCalculatorUICheck" name="validateLoanAmountLoanTenureMonthButton" time="3.348">
    <failure type="java.lang.AssertionError" message="expected [120] but found [10]">
      <![CDATA[java.lang.AssertionError: expected [120] but found [10]
at TestCases.LoanAmountCalculatorUICheck.validateLoanAmountLoanTenureMonthButton(LoanAmountCalculatorUICheck.java:128)
at java.base/java.util.ArrayList.forEach(ArrayList.java:1511)
... Removed 33 stack frames]]>
    </failure>
  </testcase> <!-- validateLoanAmountLoanTenureMonthButton -->
  <testcase classname="TestCases.LoanAmountCalculatorUICheck" name="verifyLoanAmountLoanChargesInputFieldPresence" time="0.031"/>
  <testcase classname="TestCases.LoanAmountCalculatorUICheck" name="validateLoanAmountLoanChargesInputFieldByPassingValue" time="0.503"/>
  <testcase classname="TestCases.CarLoanEMI" name="setInterestRate" time="0.0">
    <ignored/>
  </testcase> <!-- setInterestRate -->
  <testcase classname="TestCases.CarLoanEMI" name="setLoanTenure" time="0.0">
    <ignored/>
  </testcase> <!-- setLoanTenure -->
  <testcase classname="TestCases.HomeLoanEMI" name="validateOneTimeExpensesInputField" time="0.0">
    <ignored/>
  </testcase> <!-- validateOneTimeExpensesInputField -->
  <testcase classname="TestCases.CalculateEmiUICheck" name="validateEmiCalculatorLink" time="0.0">
    <ignored/>
  </testcase> <!-- validateEmiCalculatorLink -->
  <testcase classname="TestCases.LoanTenureCalculatorUICheck" name="verifyLoanTenureInterestRateInputFieldPresence" time="0.0">
    <ignored/>
  </testcase> <!-- verifyLoanTenureInterestRateInputFieldPresence -->
  <testcase classname="TestCases.HomeLoanEMI" name="calculatorsDropDownValidation" time="0.0">
    <ignored/>
  </testcase> <!-- calculatorsDropDownValidation -->
  <testcase classname="TestCases.HomeLoanEMI" name="validateLoanInsuranceInputField" time="0.0">
    <ignored/>
  </testcase> <!-- validateLoanInsuranceInputField -->
  <testcase classname="TestCases.HomeLoanEMI" name="validateDownPaymentInputFieldInPercentage" time="0.0">
    <ignored/>
  </testcase> <!-- validateDownPaymentInputFieldInPercentage -->
  <testcase classname="TestCases.HomeLoanEMI" name="validatePropertyTaxesPerYearRupeesButton" time="0.0">
    <ignored/>
  </testcase> <!-- validatePropertyTaxesPerYearRupeesButton -->
  <testcase classname="TestCases.CalculateEmiUICheck" name="validateEmiCalculatorLoanChargesInputFieldByPassingValue" time="0.0">
    <ignored/>
  </testcase> <!-- validateEmiCalculatorLoanChargesInputFieldByPassingValue -->
  <testcase classname="TestCases.LoanTenureCalculatorUICheck" name="validateLoanTenureLoanAmountInputFieldByPassingValue" time="0.0">
    <ignored/>
  </testcase> <!-- validateLoanTenureLoanAmountInputFieldByPassingValue -->
  <testcase classname="TestCases.LoanTenureCalculatorUICheck" name="validateLoanTenureInterestRateInputFieldByPassingValue" time="0.0">
    <ignored/>
  </testcase> <!-- validateLoanTenureInterestRateInputFieldByPassingValue -->
  <testcase classname="TestCases.HomeLoanEMI" name="validateMaintenanceExpensesPerMonthInputField" time="0.0">
    <ignored/>
  </testcase> <!-- validateMaintenanceExpensesPerMonthInputField -->
  <testcase classname="TestCases.CarLoanEMI" name="readData" time="0.0">
    <ignored/>
  </testcase> <!-- readData -->
  <testcase classname="TestCases.CarLoanEMI" name="setCarAmount" time="0.0">
    <ignored/>
  </testcase> <!-- setCarAmount -->
  <testcase classname="TestCases.CalculateEmiUICheck" name="validateEmiCalculatorLoanAmountInputFieldByPassingValue" time="0.0">
    <ignored/>
  </testcase> <!-- validateEmiCalculatorLoanAmountInputFieldByPassingValue -->
  <testcase classname="TestCases.CalculateEmiUICheck" name="validateEmiCalculatorLoanTenureMonthButton" time="0.0">
    <ignored/>
  </testcase> <!-- validateEmiCalculatorLoanTenureMonthButton -->
  <testcase classname="TestCases.HomeLoanEMI" name="validateLoanStartMonthAndYearField" time="0.0">
    <ignored/>
  </testcase> <!-- validateLoanStartMonthAndYearField -->
  <testcase classname="TestCases.HomeLoanEMI" name="validateHomeValueInputfield" time="0.0">
    <ignored/>
  </testcase> <!-- validateHomeValueInputfield -->
  <testcase classname="TestCases.HomeLoanEMI" name="homeLoanEmiCalculatorValidation" time="0.0">
    <ignored/>
  </testcase> <!-- homeLoanEmiCalculatorValidation -->
  <testcase classname="TestCases.HomeLoanEMI" name="validateLoanChargesInputField" time="0.0">
    <ignored/>
  </testcase> <!-- validateLoanChargesInputField -->
  <testcase classname="TestCases.HomeLoanEMI" name="validatePropertyTaxesPerYearInputField" time="0.0">
    <ignored/>
  </testcase> <!-- validatePropertyTaxesPerYearInputField -->
  <testcase classname="TestCases.CalculateEmiUICheck" name="verifyEmiCalculatorLoanChargesInputFieldPresence" time="0.0">
    <ignored/>
  </testcase> <!-- verifyEmiCalculatorLoanChargesInputFieldPresence -->
  <testcase classname="TestCases.LoanTenureCalculatorUICheck" name="verifyLoanTenuteLoanChargesInputFieldPresence" time="0.0">
    <ignored/>
  </testcase> <!-- verifyLoanTenuteLoanChargesInputFieldPresence -->
  <testcase classname="TestCases.LoanTenureCalculatorUICheck" name="validateLoanTenureCalculatorLink" time="0.0">
    <ignored/>
  </testcase> <!-- validateLoanTenureCalculatorLink -->
  <testcase classname="TestCases.LoanTenureCalculatorUICheck" name="validateLoanTenureLoanChargesInputFieldByValue" time="0.0">
    <ignored/>
  </testcase> <!-- validateLoanTenureLoanChargesInputFieldByValue -->
  <testcase classname="TestCases.HomeLoanEMI" name="validateInterestRateInputField" time="0.0">
    <ignored/>
  </testcase> <!-- validateInterestRateInputField -->
  <testcase classname="TestCases.HomeLoanEMI" name="validateLoanStartMonthAndYearInputField" time="0.0">
    <ignored/>
  </testcase> <!-- validateLoanStartMonthAndYearInputField -->
  <testcase classname="TestCases.HomeLoanEMI" name="validateLoanTenureMonthsButton" time="0.0">
    <ignored/>
  </testcase> <!-- validateLoanTenureMonthsButton -->
  <testcase classname="TestCases.HomeLoanEMI" name="validateHomeInsurancePerYearInputField" time="0.0">
    <ignored/>
  </testcase> <!-- validateHomeInsurancePerYearInputField -->
  <testcase classname="TestCases.CalculateEmiUICheck" name="verifyEmiCalculatorInterestRateInputFieldPresence" time="0.0">
    <ignored/>
  </testcase> <!-- verifyEmiCalculatorInterestRateInputFieldPresence -->
  <testcase classname="TestCases.HomeLoanEMI" name="validateLoanTenureInputField" time="0.0">
    <ignored/>
  </testcase> <!-- validateLoanTenureInputField -->
  <testcase classname="TestCases.HomeLoanEMI" name="validateOneTimeExpensesRupeesButton" time="0.0">
    <ignored/>
  </testcase> <!-- validateOneTimeExpensesRupeesButton -->
  <testcase classname="TestCases.HomeLoanEMI" name="validateHomeInsurancePerYearRupeesButton" time="0.0">
    <ignored/>
  </testcase> <!-- validateHomeInsurancePerYearRupeesButton -->
  <testcase classname="TestCases.CalculateEmiUICheck" name="verifyEmiCalculatorLoanTenureInputFieldPresence" time="0.0">
    <ignored/>
  </testcase> <!-- verifyEmiCalculatorLoanTenureInputFieldPresence -->
  <testcase classname="TestCases.HomeLoanEMI" name="validateLoanChargesRupeesButtonElement" time="0.0">
    <ignored/>
  </testcase> <!-- validateLoanChargesRupeesButtonElement -->
  <testcase classname="TestCases.CalculateEmiUICheck" name="validateEmiCalculatorInterestRateInputFieldByPassingValue" time="0.0">
    <ignored/>
  </testcase> <!-- validateEmiCalculatorInterestRateInputFieldByPassingValue -->
  <testcase classname="TestCases.LoanTenureCalculatorUICheck" name="verifyLoanTenureLoanAmountInputFieldPresence" time="0.0">
    <ignored/>
  </testcase> <!-- verifyLoanTenureLoanAmountInputFieldPresence -->
  <testcase classname="TestCases.HomeLoanEMI" name="validateDownPaymentRupeesButton" time="0.0">
    <ignored/>
  </testcase> <!-- validateDownPaymentRupeesButton -->
  <testcase classname="TestCases.HomeLoanEMI" name="printAllTheData" time="0.0">
    <ignored/>
  </testcase> <!-- printAllTheData -->
  <testcase classname="TestCases.CalculateEmiUICheck" name="validateEmiCalculatorLoanTenureInputFieldByPassingValue" time="0.0">
    <ignored/>
  </testcase> <!-- validateEmiCalculatorLoanTenureInputFieldByPassingValue -->
  <testcase classname="TestCases.CarLoanEMI" name="clickOnyear" time="0.0">
    <ignored/>
  </testcase> <!-- clickOnyear -->
  <testcase classname="TestCases.LoanTenureCalculatorUICheck" name="verifyLoanTenureEmiInputFieldPresence" time="0.0">
    <ignored/>
  </testcase> <!-- verifyLoanTenureEmiInputFieldPresence -->
</testsuite> <!-- Test -->
